<?xml version="1.0" encoding="UTF-8"?>
<!-- Generated by org.testng.reporters.JUnitReportReporter -->
<testsuite hostname="LAPTOP-SNTL6JQE" failures="0" tests="1" name="recover.recover" time="6.908" errors="0" timestamp="2023-03-07T15:41:39 IST" skipped="0">
  <testcase classname="recover.recover" name="demo" time="6.908"/>
  <system-out/>
</testsuite> <!-- recover.recover -->
