<?xml version="1.0" encoding="UTF-8"?>
<!-- Generated by org.testng.reporters.JUnitReportReporter -->
<testsuite hostname="LAPTOP-SNTL6JQE" failures="0" tests="1" name="screenshot.Screenshotdemo" time="27.567" errors="0" timestamp="2023-02-23T18:31:23 IST" skipped="0">
  <testcase classname="screenshot.Screenshotdemo" name="Screenshotdemo" time="27.567"/>
  <system-out/>
</testsuite> <!-- screenshot.Screenshotdemo -->
