<?xml version="1.0" encoding="UTF-8"?>
<!-- Generated by org.testng.reporters.JUnitReportReporter -->
<testsuite hostname="LAPTOP-SNTL6JQE" failures="0" tests="1" name="restapi.restapi" time="3.677" errors="0" timestamp="2023-03-05T17:35:37 IST" skipped="0">
  <testcase classname="restapi.restapi" name="delete" time="3.677"/>
  <system-out/>
</testsuite> <!-- restapi.restapi -->
